accevap
acroot
alfaq
alfat
algr
alvh
alvis
alvl
appheatcap
appheatcapv
avg_gwsol
bcoef
bm
bt
cgsat
clay
co2i1
conddry
condsld
cvh
cvl
d50
d95
deciduous
deltat
deltatv
dlat
dlon
drainaf
eflux
eg
emisgr
emisvh
emisvl
er
etr
evergreen
fbcof
fc
fcgv
fcor
fdsi
fgrv
figv
fivg
fl
fq
frootd
frv
ftemp
fv
fvap
gamvh
gamvl
grflux
grkef
grksat
hgr
hgv
hst
humoins
husurf
hv
hveg
ilmo
impervu
irfvg
irgv
isoil
khc
ksat
ksatc
laictem
laideci
laiva
laivf26
laivh
laivl
latflaf
latflw
leg
legv
ler
les
lesv
letr
lev
lgr
lgv
lveg
phasef
phasefv
phasem
phasemv
pmoins
psi
psisat
psngrvl
psnvh
psnvha
pthrufal
pthrufal_v
qaf
qgr
qgv
qsurf
qveg
rainrate
rcctem
resagr
resagrv
resavg
rggv
rglvh
rglvl
rgvg
rnet_s
rootdp
rst
runofftot
sand
skyview
skyviewa
snoage_es
snoage_esv
snoal
snoden
snoden_es
snoden_esv
snodpl
snogran1_es
snogran1_esv
snogran2_es
snogran2_esv
snoma
snoma_es
snoma_esv
snoro
snowrate
snval
snvden
snvdp
snvma
snvro
ssa_es
ssa_esv
stomrvh
stomrvl
taf
tfigv
tfnetvg
tground
thetaa
tirgv
tirvg
tmax
tmaxv
tmoins
tneige
tperm
tpsoil
tpsoilv
trgvg
trnetvg
trngv
tsa
tsnow
tsnowveg
tsoil
tsrad
tsurf
tvege
vaf
varname
vegf
vegh
vegl
vegtrans
vegtransa
vgctem
vgheight
watflow
wfc
wfcdp
wfcint
wflux
wsat
wsnow_es
wsnow_esv
wsoil
wsoilm
wveg
wwilt
z0
z0ha
z0mvh
z0mvl
z0t
ztsl
zusl
